<?xml version="1.0" encoding="UTF-8" ?>
<testsuite failures="0" time="0.031" errors="0" skipped="0" tests="3" name="com.echo.jcps.BookDaoTest">
  <properties>
    <property name="java.runtime.name" value="Java(TM) SE Runtime Environment"/>
    <property name="sun.boot.library.path" value="F:\MyEclipse\binary\com.sun.java.jdk7.win32.x86_64_1.7.0.u45\jre\bin"/>
    <property name="java.vm.version" value="24.45-b08"/>
    <property name="java.vm.vendor" value="Oracle Corporation"/>
    <property name="java.vendor.url" value="http://java.oracle.com/"/>
    <property name="path.separator" value=";"/>
    <property name="java.vm.name" value="Java HotSpot(TM) 64-Bit Server VM"/>
    <property name="file.encoding.pkg" value="sun.io"/>
    <property name="user.script" value=""/>
    <property name="user.country" value="CN"/>
    <property name="sun.java.launcher" value="SUN_STANDARD"/>
    <property name="sun.os.patch.level" value=""/>
    <property name="java.vm.specification.name" value="Java Virtual Machine Specification"/>
    <property name="user.dir" value="D:\MyEclipseWorkspace\jcps"/>
    <property name="java.runtime.version" value="1.7.0_45-b18"/>
    <property name="java.awt.graphicsenv" value="sun.awt.Win32GraphicsEnvironment"/>
    <property name="basedir" value="D:\MyEclipseWorkspace\jcps"/>
    <property name="java.endorsed.dirs" value="F:\MyEclipse\binary\com.sun.java.jdk7.win32.x86_64_1.7.0.u45\jre\lib\endorsed"/>
    <property name="os.arch" value="amd64"/>
    <property name="surefire.real.class.path" value="D:\MyEclipseWorkspace\jcps\target\surefire\surefirebooter6973011466971718494.jar"/>
    <property name="java.io.tmpdir" value="C:\Users\dell\AppData\Local\Temp\"/>
    <property name="line.separator" value="
"/>
    <property name="java.vm.specification.vendor" value="Oracle Corporation"/>
    <property name="user.variant" value=""/>
    <property name="os.name" value="Windows 8"/>
    <property name="sun.jnu.encoding" value="GBK"/>
    <property name="java.library.path" value="F:\MyEclipse\binary\com.sun.java.jdk7.win32.x86_64_1.7.0.u45\jre\bin;C:\WINDOWS\Sun\Java\bin;C:\WINDOWS\system32;C:\WINDOWS;F:\Oracle\product\11.2.0\dbhome_1\bin;C:\ProgramData\Oracle\Java\javapath;C:\Program Files (x86)\Intel\iCLS Client\;C:\Program Files\Intel\iCLS Client\;C:\WINDOWS\system32;C:\WINDOWS;C:\WINDOWS\System32\Wbem;C:\WINDOWS\System32\WindowsPowerShell\v1.0\;C:\Program Files (x86)\Intel\Intel(R) Management Engine Components\DAL;C:\Program Files\Intel\Intel(R) Management Engine Components\DAL;C:\Program Files (x86)\Intel\Intel(R) Management Engine Components\IPT;C:\Program Files\Intel\Intel(R) Management Engine Components\IPT;C:\WINDOWS\system32\config\systemprofile\.dnx\bin;C:\Program Files\Microsoft DNX\Dnvm\;C:\Program Files\Microsoft SQL Server\130\Tools\Binn\;F:\AppServ\MySQL\bin;C:\Program Files (x86)\Microsoft SQL Server\100\Tools\Binn\;C:\Program Files\Microsoft SQL Server\100\Tools\Binn\;C:\Program Files\Microsoft SQL Server\100\DTS\Binn\;C:\Program Files (x86)\Microsoft SQL Server\100\Tools\Binn\VSShell\Common7\IDE\;C:\Program Files (x86)\Microsoft Visual Studio 9.0\Common7\IDE\PrivateAssemblies\;C:\Program Files (x86)\Microsoft SQL Server\100\DTS\Binn\;F:\Java\jdk\bin;C:\Program Files (x86)\GtkSharp\2.12\bin;C:\Program Files (x86)\Windows Kits\8.1\Windows Performance Toolkit\;C:\Program Files\Intel\WiFi\bin\;C:\Program Files\Common Files\Intel\WirelessCommon\;F:\maven\apache-maven-3.5.2\bin;C:\Users\dell\AppData\Local\Programs\Python\Python36-32\Scripts\;C:\Users\dell\AppData\Local\Programs\Python\Python36-32\;C:\Users\dell\AppData\Local\Microsoft\WindowsApps;;."/>
    <property name="surefire.test.class.path" value="D:\MyEclipseWorkspace\jcps\target\test-classes;D:\MyEclipseWorkspace\jcps\target\classes;F:\maven\repo\junit\junit\4.11\junit-4.11.jar;F:\maven\repo\org\hamcrest\hamcrest-core\1.3\hamcrest-core-1.3.jar;F:\maven\repo\ch\qos\logback\logback-classic\1.1.1\logback-classic-1.1.1.jar;F:\maven\repo\ch\qos\logback\logback-core\1.1.1\logback-core-1.1.1.jar;F:\maven\repo\org\slf4j\slf4j-api\1.7.6\slf4j-api-1.7.6.jar;F:\maven\repo\mysql\mysql-connector-java\5.1.25\mysql-connector-java-5.1.25.jar;F:\maven\repo\c3p0\c3p0\0.9.1.2\c3p0-0.9.1.2.jar;F:\maven\repo\org\mybatis\mybatis\3.3.0\mybatis-3.3.0.jar;F:\maven\repo\org\mybatis\mybatis-spring\1.2.3\mybatis-spring-1.2.3.jar;F:\maven\repo\taglibs\standard\1.1.2\standard-1.1.2.jar;F:\maven\repo\jstl\jstl\1.2\jstl-1.2.jar;F:\maven\repo\com\fasterxml\jackson\core\jackson-databind\2.5.4\jackson-databind-2.5.4.jar;F:\maven\repo\com\fasterxml\jackson\core\jackson-annotations\2.5.0\jackson-annotations-2.5.0.jar;F:\maven\repo\com\fasterxml\jackson\core\jackson-core\2.5.4\jackson-core-2.5.4.jar;F:\maven\repo\javax\servlet\javax.servlet-api\3.1.0\javax.servlet-api-3.1.0.jar;F:\maven\repo\org\springframework\spring-core\4.1.7.RELEASE\spring-core-4.1.7.RELEASE.jar;F:\maven\repo\commons-logging\commons-logging\1.2\commons-logging-1.2.jar;F:\maven\repo\org\springframework\spring-beans\4.1.7.RELEASE\spring-beans-4.1.7.RELEASE.jar;F:\maven\repo\org\springframework\spring-context\4.1.7.RELEASE\spring-context-4.1.7.RELEASE.jar;F:\maven\repo\org\springframework\spring-aop\4.1.7.RELEASE\spring-aop-4.1.7.RELEASE.jar;F:\maven\repo\aopalliance\aopalliance\1.0\aopalliance-1.0.jar;F:\maven\repo\org\springframework\spring-expression\4.1.7.RELEASE\spring-expression-4.1.7.RELEASE.jar;F:\maven\repo\org\springframework\spring-jdbc\4.1.7.RELEASE\spring-jdbc-4.1.7.RELEASE.jar;F:\maven\repo\org\springframework\spring-tx\4.1.7.RELEASE\spring-tx-4.1.7.RELEASE.jar;F:\maven\repo\org\springframework\spring-web\4.1.7.RELEASE\spring-web-4.1.7.RELEASE.jar;F:\maven\repo\org\springframework\spring-webmvc\4.1.7.RELEASE\spring-webmvc-4.1.7.RELEASE.jar;F:\maven\repo\org\springframework\spring-test\4.1.7.RELEASE\spring-test-4.1.7.RELEASE.jar;F:\maven\repo\redis\clients\jedis\2.7.3\jedis-2.7.3.jar;F:\maven\repo\org\apache\commons\commons-pool2\2.3\commons-pool2-2.3.jar;F:\maven\repo\com\dyuproject\protostuff\protostuff-core\1.0.8\protostuff-core-1.0.8.jar;F:\maven\repo\com\dyuproject\protostuff\protostuff-api\1.0.8\protostuff-api-1.0.8.jar;F:\maven\repo\com\dyuproject\protostuff\protostuff-runtime\1.0.8\protostuff-runtime-1.0.8.jar;F:\maven\repo\com\dyuproject\protostuff\protostuff-collectionschema\1.0.8\protostuff-collectionschema-1.0.8.jar;F:\maven\repo\commons-collections\commons-collections\3.2\commons-collections-3.2.jar;"/>
    <property name="java.specification.name" value="Java Platform API Specification"/>
    <property name="java.class.version" value="51.0"/>
    <property name="sun.management.compiler" value="HotSpot 64-Bit Tiered Compilers"/>
    <property name="os.version" value="6.2"/>
    <property name="user.home" value="C:\Users\dell"/>
    <property name="user.timezone" value="Asia/Shanghai"/>
    <property name="java.awt.printerjob" value="sun.awt.windows.WPrinterJob"/>
    <property name="java.specification.version" value="1.7"/>
    <property name="file.encoding" value="GBK"/>
    <property name="user.name" value="dell"/>
    <property name="java.class.path" value="D:\MyEclipseWorkspace\jcps\target\test-classes;D:\MyEclipseWorkspace\jcps\target\classes;F:\maven\repo\junit\junit\4.11\junit-4.11.jar;F:\maven\repo\org\hamcrest\hamcrest-core\1.3\hamcrest-core-1.3.jar;F:\maven\repo\ch\qos\logback\logback-classic\1.1.1\logback-classic-1.1.1.jar;F:\maven\repo\ch\qos\logback\logback-core\1.1.1\logback-core-1.1.1.jar;F:\maven\repo\org\slf4j\slf4j-api\1.7.6\slf4j-api-1.7.6.jar;F:\maven\repo\mysql\mysql-connector-java\5.1.25\mysql-connector-java-5.1.25.jar;F:\maven\repo\c3p0\c3p0\0.9.1.2\c3p0-0.9.1.2.jar;F:\maven\repo\org\mybatis\mybatis\3.3.0\mybatis-3.3.0.jar;F:\maven\repo\org\mybatis\mybatis-spring\1.2.3\mybatis-spring-1.2.3.jar;F:\maven\repo\taglibs\standard\1.1.2\standard-1.1.2.jar;F:\maven\repo\jstl\jstl\1.2\jstl-1.2.jar;F:\maven\repo\com\fasterxml\jackson\core\jackson-databind\2.5.4\jackson-databind-2.5.4.jar;F:\maven\repo\com\fasterxml\jackson\core\jackson-annotations\2.5.0\jackson-annotations-2.5.0.jar;F:\maven\repo\com\fasterxml\jackson\core\jackson-core\2.5.4\jackson-core-2.5.4.jar;F:\maven\repo\javax\servlet\javax.servlet-api\3.1.0\javax.servlet-api-3.1.0.jar;F:\maven\repo\org\springframework\spring-core\4.1.7.RELEASE\spring-core-4.1.7.RELEASE.jar;F:\maven\repo\commons-logging\commons-logging\1.2\commons-logging-1.2.jar;F:\maven\repo\org\springframework\spring-beans\4.1.7.RELEASE\spring-beans-4.1.7.RELEASE.jar;F:\maven\repo\org\springframework\spring-context\4.1.7.RELEASE\spring-context-4.1.7.RELEASE.jar;F:\maven\repo\org\springframework\spring-aop\4.1.7.RELEASE\spring-aop-4.1.7.RELEASE.jar;F:\maven\repo\aopalliance\aopalliance\1.0\aopalliance-1.0.jar;F:\maven\repo\org\springframework\spring-expression\4.1.7.RELEASE\spring-expression-4.1.7.RELEASE.jar;F:\maven\repo\org\springframework\spring-jdbc\4.1.7.RELEASE\spring-jdbc-4.1.7.RELEASE.jar;F:\maven\repo\org\springframework\spring-tx\4.1.7.RELEASE\spring-tx-4.1.7.RELEASE.jar;F:\maven\repo\org\springframework\spring-web\4.1.7.RELEASE\spring-web-4.1.7.RELEASE.jar;F:\maven\repo\org\springframework\spring-webmvc\4.1.7.RELEASE\spring-webmvc-4.1.7.RELEASE.jar;F:\maven\repo\org\springframework\spring-test\4.1.7.RELEASE\spring-test-4.1.7.RELEASE.jar;F:\maven\repo\redis\clients\jedis\2.7.3\jedis-2.7.3.jar;F:\maven\repo\org\apache\commons\commons-pool2\2.3\commons-pool2-2.3.jar;F:\maven\repo\com\dyuproject\protostuff\protostuff-core\1.0.8\protostuff-core-1.0.8.jar;F:\maven\repo\com\dyuproject\protostuff\protostuff-api\1.0.8\protostuff-api-1.0.8.jar;F:\maven\repo\com\dyuproject\protostuff\protostuff-runtime\1.0.8\protostuff-runtime-1.0.8.jar;F:\maven\repo\com\dyuproject\protostuff\protostuff-collectionschema\1.0.8\protostuff-collectionschema-1.0.8.jar;F:\maven\repo\commons-collections\commons-collections\3.2\commons-collections-3.2.jar;"/>
    <property name="java.vm.specification.version" value="1.7"/>
    <property name="sun.arch.data.model" value="64"/>
    <property name="java.home" value="F:\MyEclipse\binary\com.sun.java.jdk7.win32.x86_64_1.7.0.u45\jre"/>
    <property name="sun.java.command" value="D:\MyEclipseWorkspace\jcps\target\surefire\surefirebooter6973011466971718494.jar D:\MyEclipseWorkspace\jcps\target\surefire\surefire1412870084689011122tmp D:\MyEclipseWorkspace\jcps\target\surefire\surefire4417531038502354194tmp"/>
    <property name="java.specification.vendor" value="Oracle Corporation"/>
    <property name="user.language" value="zh"/>
    <property name="awt.toolkit" value="sun.awt.windows.WToolkit"/>
    <property name="java.vm.info" value="mixed mode"/>
    <property name="java.version" value="1.7.0_45"/>
    <property name="java.ext.dirs" value="F:\MyEclipse\binary\com.sun.java.jdk7.win32.x86_64_1.7.0.u45\jre\lib\ext;C:\WINDOWS\Sun\Java\lib\ext"/>
    <property name="sun.boot.class.path" value="F:\MyEclipse\binary\com.sun.java.jdk7.win32.x86_64_1.7.0.u45\jre\lib\resources.jar;F:\MyEclipse\binary\com.sun.java.jdk7.win32.x86_64_1.7.0.u45\jre\lib\rt.jar;F:\MyEclipse\binary\com.sun.java.jdk7.win32.x86_64_1.7.0.u45\jre\lib\sunrsasign.jar;F:\MyEclipse\binary\com.sun.java.jdk7.win32.x86_64_1.7.0.u45\jre\lib\jsse.jar;F:\MyEclipse\binary\com.sun.java.jdk7.win32.x86_64_1.7.0.u45\jre\lib\jce.jar;F:\MyEclipse\binary\com.sun.java.jdk7.win32.x86_64_1.7.0.u45\jre\lib\charsets.jar;F:\MyEclipse\binary\com.sun.java.jdk7.win32.x86_64_1.7.0.u45\jre\lib\jfr.jar;F:\MyEclipse\binary\com.sun.java.jdk7.win32.x86_64_1.7.0.u45\jre\classes"/>
    <property name="java.vendor" value="Oracle Corporation"/>
    <property name="localRepository" value="F:\maven\repo"/>
    <property name="file.separator" value="\"/>
    <property name="java.vendor.url.bug" value="http://bugreport.sun.com/bugreport/"/>
    <property name="sun.cpu.endian" value="little"/>
    <property name="sun.io.unicode.encoding" value="UnicodeLittle"/>
    <property name="sun.desktop" value="windows"/>
    <property name="sun.cpu.isalist" value="amd64"/>
  </properties>
  <testcase time="0" classname="com.echo.jcps.BookDaoTest" name="testQueryById"/>
  <testcase time="0" classname="com.echo.jcps.BookDaoTest" name="testQueryAll"/>
  <testcase time="0.016" classname="com.echo.jcps.BookDaoTest" name="testReduceNumber"/>
</testsuite>